0 info it worked if it ends with ok
1 verbose cli [ '/usr/local/bin/node', '/usr/local/bin/npm', 'start' ]
2 info using npm@3.10.10
3 info using node@v6.10.0
4 verbose run-script [ 'prestart', 'start', 'poststart' ]
5 info lifecycle aporoomining@0.0.1~prestart: aporoomining@0.0.1
6 verbose lifecycle aporoomining@0.0.1~prestart: unsafe-perm in lifecycle true
7 verbose lifecycle aporoomining@0.0.1~prestart: PATH: /usr/local/lib/node_modules/npm/bin/node-gyp-bin:/Users/victorzhou/Projects/aporoomining/node_modules/.bin:/usr/bin:/bin:/usr/sbin:/sbin:/usr/local/bin:/usr/local/share/dotnet:/Library/Frameworks/Mono.framework/Versions/Current/Commands:/Users/victorzhou/go/bin:/Users/victorzhou/go/bin
8 verbose lifecycle aporoomining@0.0.1~prestart: CWD: /Users/victorzhou/Projects/aporoomining
9 silly lifecycle aporoomining@0.0.1~prestart: Args: [ '-c', 'babel-node buildScripts/startMessage.js' ]
10 silly lifecycle aporoomining@0.0.1~prestart: Returned: code: 0  signal: null
11 info lifecycle aporoomining@0.0.1~start: aporoomining@0.0.1
12 verbose lifecycle aporoomining@0.0.1~start: unsafe-perm in lifecycle true
13 verbose lifecycle aporoomining@0.0.1~start: PATH: /usr/local/lib/node_modules/npm/bin/node-gyp-bin:/Users/victorzhou/Projects/aporoomining/node_modules/.bin:/usr/bin:/bin:/usr/sbin:/sbin:/usr/local/bin:/usr/local/share/dotnet:/Library/Frameworks/Mono.framework/Versions/Current/Commands:/Users/victorzhou/go/bin:/Users/victorzhou/go/bin
14 verbose lifecycle aporoomining@0.0.1~start: CWD: /Users/victorzhou/Projects/aporoomining
15 silly lifecycle aporoomining@0.0.1~start: Args: [ '-c', 'babel-node buildScripts/srcServer.js' ]
16 silly lifecycle aporoomining@0.0.1~start: Returned: code: 1  signal: null
17 info lifecycle aporoomining@0.0.1~start: Failed to exec start script
18 verbose stack Error: aporoomining@0.0.1 start: `babel-node buildScripts/srcServer.js`
18 verbose stack Exit status 1
18 verbose stack     at EventEmitter.<anonymous> (/usr/local/lib/node_modules/npm/lib/utils/lifecycle.js:255:16)
18 verbose stack     at emitTwo (events.js:106:13)
18 verbose stack     at EventEmitter.emit (events.js:191:7)
18 verbose stack     at ChildProcess.<anonymous> (/usr/local/lib/node_modules/npm/lib/utils/spawn.js:40:14)
18 verbose stack     at emitTwo (events.js:106:13)
18 verbose stack     at ChildProcess.emit (events.js:191:7)
18 verbose stack     at maybeClose (internal/child_process.js:877:16)
18 verbose stack     at Process.ChildProcess._handle.onexit (internal/child_process.js:226:5)
19 verbose pkgid aporoomining@0.0.1
20 verbose cwd /Users/victorzhou/Projects/aporoomining
21 error Darwin 17.7.0
22 error argv "/usr/local/bin/node" "/usr/local/bin/npm" "start"
23 error node v6.10.0
24 error npm  v3.10.10
25 error code ELIFECYCLE
26 error aporoomining@0.0.1 start: `babel-node buildScripts/srcServer.js`
26 error Exit status 1
27 error Failed at the aporoomining@0.0.1 start script 'babel-node buildScripts/srcServer.js'.
27 error Make sure you have the latest version of node.js and npm installed.
27 error If you do, this is most likely a problem with the aporoomining package,
27 error not with npm itself.
27 error Tell the author that this fails on your system:
27 error     babel-node buildScripts/srcServer.js
27 error You can get information on how to open an issue for this project with:
27 error     npm bugs aporoomining
27 error Or if that isn't available, you can get their info via:
27 error     npm owner ls aporoomining
27 error There is likely additional logging output above.
28 verbose exit [ 1, true ]
